<?xml version="1.0" encoding="UTF-8" ?>

<!--L
   Copyright Washington University in St. Louis
   Copyright SemanticBits
   Copyright Persistent Systems

   Distributed under the OSI-approved BSD 3-Clause License.
   See http://ncip.github.com/gsid/LICENSE.txt for details.
L-->

<testsuite errors="1" failures="0" hostname="ra1" name="gov.nih.nci.cagrid.identifiers.test.NATestCase" tests="1" time="0.0" timestamp="2011-02-03T14:43:55">
  <properties>
[...]
</properties>
  <error message="Could able to create a client" type="junit.framework.AssertionFailedError">junit.framework.AssertionFailedError: Could able to create a client
	at gov.nih.nci.cagrid.identifiers.test.NATestCase.&lt;clinit&gt;(NATestCase.java:48)
	at java.lang.Class.forName0(Native Method)
	at java.lang.Class.forName(Class.java:169)
</error>
  <system-out><![CDATA[WARN   isAttachmentSupported, Unable to find required classes (javax.activation.DataHandler and javax.mail.internet.MimeMultipart). Attachment support is disabled.
No proxy file loaded so running with no credentials
An unexpected error was encountered in trying to determine the supported authentication profiles: Error getting resource property; endpoint was 'Address: https://dorian.training.cagrid.org:8443/wsrf/services/cagrid/Dorian
', name was '{http://gaards.cagrid.org/authentication}AuthenticationProfiles; nested exception is: 
	gov.nih.nci.cagrid.metadata.exceptions.RemoteResourcePropertyRetrievalException: Error getting resource property; endpoint was 'Address: https://dorian.training.cagrid.org:8443/wsrf/services/cagrid/Dorian
', name was '{http://gaards.cagrid.org/authentication}AuthenticationProfiles
]]></system-out>
  <system-err><![CDATA[]]></system-err>
</testsuite>
