<?xml version="1.0" encoding="UTF-8" ?>
<testsuite errors="0" failures="0" hostname="ra" name="org.cagrid.identifiers.namingauthority.util.IdentifierUtilTestCase" tests="4" time="0.0090" timestamp="2010-12-03T16:08:06">
  <properties>
[...]
</properties>
  <testcase classname="org.cagrid.identifiers.namingauthority.util.IdentifierUtilTestCase" name="testInvalidPrefixes" time="0.0" />
  <testcase classname="org.cagrid.identifiers.namingauthority.util.IdentifierUtilTestCase" name="testInvalidIdentifiers" time="0.0" />
  <testcase classname="org.cagrid.identifiers.namingauthority.util.IdentifierUtilTestCase" name="testBuild" time="0.0" />
  <testcase classname="org.cagrid.identifiers.namingauthority.util.IdentifierUtilTestCase" name="testLocalName" time="0.0" />
  <system-out><![CDATA[]]></system-out>
  <system-err><![CDATA[]]></system-err>
</testsuite>
